<?xml version="1.0" encoding="UTF-8"?>
<Site BuildName="(empty)"
	BuildStamp="20230724-0408-Experimental"
	Name="Zlab"
	Generator="ctest-3.16.3"
	CompilerName="/usr/bin/c++"
	CompilerVersion="9.4.0"
	OSName="Linux"
	Hostname="Zlab"
	OSRelease="5.15.0-76-generic"
	OSVersion="#83~20.04.1-Ubuntu SMP Wed Jun 21 20:23:31 UTC 2023"
	OSPlatform="x86_64"
	Is64Bits="1"
	VendorString="GenuineIntel"
	VendorID="Intel Corporation"
	FamilyID="6"
	ModelID="151"
	ProcessorCacheSize="20480"
	NumberOfLogicalCPU="12"
	NumberOfPhysicalCPU="6"
	TotalVirtualMemory="30517"
	TotalPhysicalMemory="31905"
	LogicalProcessorsPerPhysical="2"
	ProcessorClockFrequency="3000"
	>
	<Testing>
		<StartDateTime>Jul 24 12:08 CST</StartDateTime>
		<StartTestTime>1690171726</StartTestTime>
		<TestList/>
		<EndDateTime>Jul 24 12:08 CST</EndDateTime>
		<EndTestTime>1690171726</EndTestTime>
		<ElapsedMinutes>0</ElapsedMinutes>
	</Testing>
</Site>
