<?xml version="1.0" encoding="UTF-8"?>
<Site BuildName="(empty)"
	BuildStamp="20240819-0147-Experimental"
	Name="Zlab"
	Generator="ctest-3.16.3"
	CompilerName="/usr/bin/c++"
	CompilerVersion="9.4.0"
	OSName="Linux"
	Hostname="Zlab"
	OSRelease="5.15.0-117-generic"
	OSVersion="#127~20.04.1-Ubuntu SMP Thu Jul 11 15:36:12 UTC 2024"
	OSPlatform="x86_64"
	Is64Bits="1"
	VendorString="GenuineIntel"
	VendorID="Intel Corporation"
	FamilyID="6"
	ModelID="151"
	ProcessorCacheSize="20480"
	NumberOfLogicalCPU="12"
	NumberOfPhysicalCPU="6"
	TotalVirtualMemory="30517"
	TotalPhysicalMemory="31903"
	LogicalProcessorsPerPhysical="2"
	ProcessorClockFrequency="4361.11"
	>
	<Testing>
		<StartDateTime>Aug 19 11:03 CST</StartDateTime>
		<StartTestTime>1724036601</StartTestTime>
		<TestList/>
		<EndDateTime>Aug 19 11:03 CST</EndDateTime>
		<EndTestTime>1724036601</EndTestTime>
		<ElapsedMinutes>0</ElapsedMinutes>
	</Testing>
</Site>
