<?xml version="1.0" encoding="UTF-8"?>
<Site BuildName="(empty)"
	BuildStamp="20240709-1439-Experimental"
	Name="Zlab"
	Generator="ctest-3.16.3"
	CompilerName="/usr/bin/c++"
	CompilerVersion="9.4.0"
	OSName="Linux"
	Hostname="Zlab"
	OSRelease="5.15.0-107-generic"
	OSVersion="#117~20.04.1-Ubuntu SMP Tue Apr 30 10:35:57 UTC 2024"
	OSPlatform="x86_64"
	Is64Bits="1"
	VendorString="GenuineIntel"
	VendorID="Intel Corporation"
	FamilyID="6"
	ModelID="151"
	ProcessorCacheSize="20480"
	NumberOfLogicalCPU="12"
	NumberOfPhysicalCPU="6"
	TotalVirtualMemory="30517"
	TotalPhysicalMemory="31903"
	LogicalProcessorsPerPhysical="2"
	ProcessorClockFrequency="4000"
	>
	<Testing>
		<StartDateTime>Jul 09 22:39 CST</StartDateTime>
		<StartTestTime>1720535994</StartTestTime>
		<TestList/>
		<EndDateTime>Jul 09 22:39 CST</EndDateTime>
		<EndTestTime>1720535994</EndTestTime>
		<ElapsedMinutes>0</ElapsedMinutes>
	</Testing>
</Site>
