<?xml version="1.0" encoding="UTF-8"?>
<Site BuildName="(empty)"
	BuildStamp="20240716-0322-Experimental"
	Name="Zlab"
	Generator="ctest-3.16.3"
	CompilerName="/usr/bin/c++"
	CompilerVersion="9.4.0"
	OSName="Linux"
	Hostname="Zlab"
	OSRelease="5.15.0-113-generic"
	OSVersion="#123~20.04.1-Ubuntu SMP Wed Jun 12 17:33:13 UTC 2024"
	OSPlatform="x86_64"
	Is64Bits="1"
	VendorString="GenuineIntel"
	VendorID="Intel Corporation"
	FamilyID="6"
	ModelID="151"
	ProcessorCacheSize="20480"
	NumberOfLogicalCPU="12"
	NumberOfPhysicalCPU="6"
	TotalVirtualMemory="30517"
	TotalPhysicalMemory="31903"
	LogicalProcessorsPerPhysical="2"
	ProcessorClockFrequency="4011.13"
	>
	<Testing>
		<StartDateTime>Jul 16 15:01 CST</StartDateTime>
		<StartTestTime>1721113274</StartTestTime>
		<TestList/>
		<EndDateTime>Jul 16 15:01 CST</EndDateTime>
		<EndTestTime>1721113274</EndTestTime>
		<ElapsedMinutes>0</ElapsedMinutes>
	</Testing>
</Site>
