<?xml version="1.0" encoding="UTF-8"?>
<Site BuildName="(empty)"
	BuildStamp="20230720-0052-Experimental"
	Name="Zlab"
	Generator="ctest-3.16.3"
	CompilerName="/usr/bin/c++"
	CompilerVersion="9.4.0"
	OSName="Linux"
	Hostname="Zlab"
	OSRelease="5.15.0-76-generic"
	OSVersion="#83~20.04.1-Ubuntu SMP Wed Jun 21 20:23:31 UTC 2023"
	OSPlatform="x86_64"
	Is64Bits="1"
	VendorString="GenuineIntel"
	VendorID="Intel Corporation"
	FamilyID="6"
	ModelID="151"
	ProcessorCacheSize="20480"
	NumberOfLogicalCPU="12"
	NumberOfPhysicalCPU="6"
	TotalVirtualMemory="30517"
	TotalPhysicalMemory="31905"
	LogicalProcessorsPerPhysical="2"
	ProcessorClockFrequency="2014.67"
	>
	<Testing>
		<StartDateTime>Jul 20 08:52 CST</StartDateTime>
		<StartTestTime>1689814339</StartTestTime>
		<TestList/>
		<EndDateTime>Jul 20 08:52 CST</EndDateTime>
		<EndTestTime>1689814339</EndTestTime>
		<ElapsedMinutes>0</ElapsedMinutes>
	</Testing>
</Site>
